compiled with version: 10.2.1 20210110 on 17 June 2022 15:45:10
os: Linux-5.10.16.3-microsoft-standard-WSL2 #1 SMP Fri Apr 2 22:23:49 UTC 2021
nodename: 486532eedc19
machine: x86_64
clock source: unix
pcre jit disabled
detected number of CPU cores: 12
current working directory: /src
writing pidfile to uwsgi.pid
detected binary path: /usr/local/bin/uwsgi
*** WARNING: you are running uWSGI as root !!! (use the --uid flag) *** 
chdir() to /src/django1/
your memory page size is 4096 bytes
detected max file descriptor number: 1048576
lock engine: pthread robust mutexes
thunder lock: disabled (you can enable it with --thunder-lock)
uwsgi socket 0 bound to TCP address 0.0.0.0:8000 fd 3
*** WARNING: you are running uWSGI as root !!! (use the --uid flag) *** 
Python version: 3.7.13 (default, May 28 2022, 14:49:57)  [GCC 10.2.1 20210110]
Python main interpreter initialized at 0x55d39edf20a0
*** WARNING: you are running uWSGI as root !!! (use the --uid flag) *** 
python threads support enabled
your server socket listen backlog is limited to 100 connections
your mercy for graceful operations on workers is 60 seconds
mapped 416880 bytes (407 KB) for 8 cores
*** Operational MODE: preforking+threaded ***
WSGI app 0 (mountpoint='') ready in 1 seconds on interpreter 0x55d39edf20a0 pid: 9 (default app)
*** WARNING: you are running uWSGI as root !!! (use the --uid flag) *** 
*** uWSGI is running in multiple interpreter mode ***
spawned uWSGI master process (pid: 9)
spawned uWSGI worker 1 (pid: 10, cores: 2)
spawned uWSGI worker 2 (pid: 12, cores: 2)
spawned uWSGI worker 3 (pid: 14, cores: 2)
spawned uWSGI worker 4 (pid: 15, cores: 2)
/src/files/
<MultiValueDict: {'Docker Desktop Installer.exe': [<TemporaryUploadedFile: Docker Desktop Installer.exe (application/x-msdownload)>]}>
/src/files/Docker Desktop Installer.exe
{'mode': '3'}
[pid: 15|app: 0|req: 2/1] 172.20.0.1 () {66 vars in 1386 bytes} [Sat Jun 18 01:27:17 2022] POST /uploadapi/auth/ => generated 61 bytes in 2 msecs (HTTP/1.1 200) 8 headers in 401 bytes (1 switches on core 1)
*** Starting uWSGI 2.0.18 (64bit) on [Wed Jan 18 00:56:22 2023] ***
compiled with version: 10.2.1 20210110 on 18 January 2023 00:56:14
os: Linux-5.10.16.3-microsoft-standard-WSL2 #1 SMP Fri Apr 2 22:23:49 UTC 2021
nodename: 9107be870e76
machine: x86_64
clock source: unix
pcre jit disabled
detected number of CPU cores: 12
current working directory: /src
writing pidfile to uwsgi.pid
detected binary path: /usr/local/bin/uwsgi
*** WARNING: you are running uWSGI as root !!! (use the --uid flag) *** 
chdir() to /src/django1/
your memory page size is 4096 bytes
detected max file descriptor number: 1048576
lock engine: pthread robust mutexes
thunder lock: disabled (you can enable it with --thunder-lock)
uwsgi socket 0 bound to TCP address 0.0.0.0:8000 fd 3
*** WARNING: you are running uWSGI as root !!! (use the --uid flag) *** 
Python version: 3.7.16 (default, Jan 11 2023, 16:50:43)  [GCC 10.2.1 20210110]
Python main interpreter initialized at 0x55b3402790e0
*** WARNING: you are running uWSGI as root !!! (use the --uid flag) *** 
python threads support enabled
your server socket listen backlog is limited to 100 connections
your mercy for graceful operations on workers is 60 seconds
mapped 416880 bytes (407 KB) for 8 cores
*** Operational MODE: preforking+threaded ***
WSGI app 0 (mountpoint='') ready in 0 seconds on interpreter 0x55b3402790e0 pid: 9 (default app)
*** WARNING: you are running uWSGI as root !!! (use the --uid flag) *** 
*** uWSGI is running in multiple interpreter mode ***
spawned uWSGI master process (pid: 9)
spawned uWSGI worker 1 (pid: 10, cores: 2)
spawned uWSGI worker 2 (pid: 12, cores: 2)
spawned uWSGI worker 3 (pid: 14, cores: 2)
spawned uWSGI worker 4 (pid: 16, cores: 2)
{'mode': '3'}
[pid: 16|app: 0|req: 1/1] 172.20.0.1 () {62 vars in 1283 bytes} [Wed Jan 18 08:56:48 2023] POST /uploadapi/auth/ => generated 61 bytes in 59 msecs (HTTP/1.1 200) 8 headers in 401 bytes (1 switches on core 0)
{'mytoken': 'rl9x1nof9ym4nqz618b2acbp1n0x07yh'}
[pid: 16|app: 0|req: 2/2] 172.20.0.1 () {62 vars in 1318 bytes} [Wed Jan 18 08:56:48 2023] POST /uploadapi/get_verification_pic/ => generated 1120 bytes in 12 msecs (HTTP/1.1 200) 7 headers in 266 bytes (1 switches on core 1)
{'mytoken': 'rl9x1nof9ym4nqz618b2acbp1n0x07yh', 'mode': '0', 'data': '["admin","a",null,null,"hjfE"]'}
hjfE
hjfE
[pid: 16|app: 0|req: 3/3] 172.20.0.1 () {62 vars in 1331 bytes} [Wed Jan 18 08:56:57 2023] POST /uploadapi/auth/ => generated 16 bytes in 6 msecs (HTTP/1.1 200) 7 headers in 256 bytes (1 switches on core 0)
{'kind': '000', 'username': 'admin'}
[pid: 16|app: 0|req: 4/4] 172.20.0.1 () {62 vars in 1286 bytes} [Wed Jan 18 08:56:59 2023] POST /uploadapi/auth/ => generated 79 bytes in 6 msecs (HTTP/1.1 200) 7 headers in 256 bytes (1 switches on core 1)
{'kind': '002', 'username': 'admin', 'name': 'admin', 'newpasswd': 'ywzywz'}
[pid: 16|app: 0|req: 5/5] 172.20.0.1 () {62 vars in 1286 bytes} [Wed Jan 18 08:57:07 2023] POST /uploadapi/auth/ => generated 28 bytes in 10 msecs (HTTP/1.1 200) 7 headers in 256 bytes (1 switches on core 0)
{'kind': '000', 'username': 'admin'}
[pid: 16|app: 0|req: 6/6] 172.20.0.1 () {62 vars in 1286 bytes} [Wed Jan 18 08:57:08 2023] POST /uploadapi/auth/ => generated 84 bytes in 6 msecs (HTTP/1.1 200) 7 headers in 256 bytes (1 switches on core 1)
{'mode': '3'}
[pid: 16|app: 0|req: 7/7] 172.20.0.1 () {62 vars in 1327 bytes} [Wed Jan 18 08:57:09 2023] POST /uploadapi/auth/ => generated 61 bytes in 0 msecs (HTTP/1.1 200) 7 headers in 256 bytes (1 switches on core 0)
{'mytoken': 'rl9x1nof9ym4nqz618b2acbp1n0x07yh'}
[pid: 16|app: 0|req: 8/8] 172.20.0.1 () {62 vars in 1318 bytes} [Wed Jan 18 08:57:09 2023] POST /uploadapi/get_verification_pic/ => generated 1292 bytes in 6 msecs (HTTP/1.1 200) 7 headers in 266 bytes (1 switches on core 1)
{'mytoken': 'rl9x1nof9ym4nqz618b2acbp1n0x07yh', 'mode': '0', 'data': '["admin","ywzywz",null,null,"FWM6"]'}
FWM6
FWM6
[pid: 16|app: 0|req: 9/9] 172.20.0.1 () {62 vars in 1331 bytes} [Wed Jan 18 08:57:15 2023] POST /uploadapi/auth/ => generated 16 bytes in 4 msecs (HTTP/1.1 200) 7 headers in 256 bytes (1 switches on core 0)
{'mode': '3'}
[pid: 16|app: 0|req: 10/10] 172.20.0.1 () {48 vars in 950 bytes} [Wed Jan 18 08:57:41 2023] POST /uploadapi/auth/ => generated 61 bytes in 1 msecs (HTTP/1.1 200) 8 headers in 408 bytes (1 switches on core 1)
{'mytoken': '2ddztarufsnpiqsecb8a5ca48h0cj0uo'}
[pid: 16|app: 0|req: 11/11] 172.20.0.1 () {50 vars in 998 bytes} [Wed Jan 18 08:57:41 2023] POST /uploadapi/get_verification_pic/ => generated 1272 bytes in 6 msecs (HTTP/1.1 200) 7 headers in 273 bytes (1 switches on core 0)
{'mytoken': '2ddztarufsnpiqsecb8a5ca48h0cj0uo', 'mode': '0', 'data': '["admin","buaamc2",null,null,"MgTD"]'}
MgTD
MgTD
[pid: 16|app: 0|req: 12/12] 172.20.0.1 () {50 vars in 1011 bytes} [Wed Jan 18 09:01:20 2023] POST /uploadapi/auth/ => generated 102 bytes in 6 msecs (HTTP/1.1 200) 7 headers in 264 bytes (1 switches on core 1)
{'mytoken': '2ddztarufsnpiqsecb8a5ca48h0cj0uo', 'mode': '0', 'data': '["admin","ywzywz",null,null,"MgTD"]'}
MgTD
MgTD
[pid: 16|app: 0|req: 13/13] 172.20.0.1 () {50 vars in 1011 bytes} [Wed Jan 18 09:01:25 2023] POST /uploadapi/auth/ => generated 16 bytes in 5 msecs (HTTP/1.1 200) 7 headers in 263 bytes (1 switches on core 0)
{'kind': '000', 'username': 'admin'}
[pid: 16|app: 0|req: 14/14] 172.20.0.1 () {50 vars in 966 bytes} [Wed Jan 18 09:03:10 2023] POST /uploadapi/auth/ => generated 84 bytes in 6 msecs (HTTP/1.1 200) 7 headers in 263 bytes (1 switches on core 1)
/src/files/
<MultiValueDict: {'摘要.txt': [<InMemoryUploadedFile: 摘要.txt (text/plain)>]}>
/src/files/摘要.txt
[pid: 16|app: 0|req: 15/15] 172.20.0.1 () {52 vars in 1040 bytes} [Wed Jan 18 09:19:06 2023] POST /uploadapi/upload_files/ => generated 2 bytes in 9 msecs (HTTP/1.1 200) 7 headers in 270 bytes (1 switches on core 0)
/src/files/
<MultiValueDict: {'citations.md': [<InMemoryUploadedFile: citations.md (application/octet-stream)>]}>
/src/files/citations.md
[pid: 16|app: 0|req: 16/16] 172.20.0.1 () {52 vars in 1040 bytes} [Wed Jan 18 09:19:47 2023] POST /uploadapi/upload_files/ => generated 2 bytes in 6 msecs (HTTP/1.1 200) 7 headers in 270 bytes (1 switches on core 1)
/src/files/ywz
<MultiValueDict: {'摘要.txt': [<InMemoryUploadedFile: 摘要.txt (text/plain)>]}>
/src/files/ywz/摘要.txt
[pid: 16|app: 0|req: 17/17] 172.20.0.1 () {52 vars in 1040 bytes} [Wed Jan 18 09:19:55 2023] POST /uploadapi/upload_files/ => generated 2 bytes in 6 msecs (HTTP/1.1 200) 7 headers in 270 bytes (1 switches on core 0)
{'kind': '000', 'username': 'admin'}
[pid: 16|app: 0|req: 18/18] 172.20.0.1 () {54 vars in 1019 bytes} [Wed Jan 18 09:22:04 2023] POST /uploadapi/auth/ => generated 84 bytes in 7 msecs (HTTP/1.1 200) 7 headers in 263 bytes (1 switches on core 1)
{'kind': '000', 'username': 'admin'}
[pid: 16|app: 0|req: 19/19] 172.20.0.1 () {54 vars in 1019 bytes} [Wed Jan 18 09:24:29 2023] POST /uploadapi/auth/ => generated 84 bytes in 6 msecs (HTTP/1.1 200) 7 headers in 263 bytes (1 switches on core 0)
{'kind': '000', 'username': 'admin'}
[pid: 16|app: 0|req: 20/20] 172.20.0.1 () {54 vars in 1019 bytes} [Wed Jan 18 09:24:50 2023] POST /uploadapi/auth/ => generated 84 bytes in 5 msecs (HTTP/1.1 200) 7 headers in 263 bytes (1 switches on core 1)
{'kind': '000', 'username': 'admin'}
[pid: 16|app: 0|req: 21/21] 172.20.0.1 () {54 vars in 1019 bytes} [Wed Jan 18 09:24:52 2023] POST /uploadapi/auth/ => generated 84 bytes in 6 msecs (HTTP/1.1 200) 7 headers in 263 bytes (1 switches on core 0)
{'kind': '000', 'username': 'admin'}
[pid: 16|app: 0|req: 22/22] 172.20.0.1 () {54 vars in 1019 bytes} [Wed Jan 18 09:24:57 2023] POST /uploadapi/auth/ => generated 84 bytes in 5 msecs (HTTP/1.1 200) 7 headers in 263 bytes (1 switches on core 1)
{'kind': '000', 'username': 'admin'}
[pid: 16|app: 0|req: 23/23] 172.20.0.1 () {54 vars in 1019 bytes} [Wed Jan 18 09:26:43 2023] POST /uploadapi/auth/ => generated 84 bytes in 6 msecs (HTTP/1.1 200) 7 headers in 263 bytes (1 switches on core 0)
{'kind': '000', 'username': 'admin'}
[pid: 16|app: 0|req: 24/24] 172.20.0.1 () {54 vars in 1019 bytes} [Wed Jan 18 09:26:45 2023] POST /uploadapi/auth/ => generated 84 bytes in 5 msecs (HTTP/1.1 200) 7 headers in 263 bytes (1 switches on core 1)
{'mode': '3'}
[pid: 16|app: 0|req: 25/25] 172.20.0.1 () {48 vars in 959 bytes} [Wed Jan 18 09:37:13 2023] POST /uploadapi/auth/ => generated 61 bytes in 1 msecs (HTTP/1.1 200) 8 headers in 408 bytes (1 switches on core 0)
{'mytoken': 'v6l47erufvz67ydy2sahd1zlupq9pz2l'}
[pid: 16|app: 0|req: 26/26] 172.20.0.1 () {50 vars in 1007 bytes} [Wed Jan 18 09:37:13 2023] POST /uploadapi/get_verification_pic/ => generated 1196 bytes in 6 msecs (HTTP/1.1 200) 7 headers in 273 bytes (1 switches on core 1)
{'mytoken': 'v6l47erufvz67ydy2sahd1zlupq9pz2l', 'mode': '0', 'data': '["admin","ywzywz",null,null,"xjbv"]'}
xjbv
XJBV
[pid: 16|app: 0|req: 27/27] 172.20.0.1 () {50 vars in 1020 bytes} [Wed Jan 18 09:37:21 2023] POST /uploadapi/auth/ => generated 66 bytes in 1 msecs (HTTP/1.1 200) 7 headers in 263 bytes (1 switches on core 0)
*** Starting uWSGI 2.0.18 (64bit) on [Wed Jan 18 01:38:37 2023] ***
compiled with version: 10.2.1 20210110 on 18 January 2023 00:56:14
os: Linux-5.10.16.3-microsoft-standard-WSL2 #1 SMP Fri Apr 2 22:23:49 UTC 2021
nodename: 9107be870e76
machine: x86_64
clock source: unix
pcre jit disabled
detected number of CPU cores: 12
current working directory: /src
writing pidfile to uwsgi.pid
detected binary path: /usr/local/bin/uwsgi
*** WARNING: you are running uWSGI as root !!! (use the --uid flag) *** 
chdir() to /src/django1/
your memory page size is 4096 bytes
detected max file descriptor number: 1048576
lock engine: pthread robust mutexes
thunder lock: disabled (you can enable it with --thunder-lock)
uwsgi socket 0 bound to TCP address 0.0.0.0:8000 fd 3
*** WARNING: you are running uWSGI as root !!! (use the --uid flag) *** 
Python version: 3.7.16 (default, Jan 11 2023, 16:50:43)  [GCC 10.2.1 20210110]
Python main interpreter initialized at 0x564b21f5b0e0
*** WARNING: you are running uWSGI as root !!! (use the --uid flag) *** 
python threads support enabled
your server socket listen backlog is limited to 100 connections
your mercy for graceful operations on workers is 60 seconds
mapped 416880 bytes (407 KB) for 8 cores
*** Operational MODE: preforking+threaded ***
WSGI app 0 (mountpoint='') ready in 0 seconds on interpreter 0x564b21f5b0e0 pid: 9 (default app)
*** WARNING: you are running uWSGI as root !!! (use the --uid flag) *** 
*** uWSGI is running in multiple interpreter mode ***
spawned uWSGI master process (pid: 9)
spawned uWSGI worker 1 (pid: 10, cores: 2)
spawned uWSGI worker 2 (pid: 11, cores: 2)
spawned uWSGI worker 3 (pid: 14, cores: 2)
spawned uWSGI worker 4 (pid: 16, cores: 2)
{'mode': '3'}
[pid: 16|app: 0|req: 1/1] 172.20.0.1 () {50 vars in 1016 bytes} [Wed Jan 18 09:38:43 2023] POST /uploadapi/auth/ => generated 61 bytes in 56 msecs (HTTP/1.1 200) 8 headers in 408 bytes (1 switches on core 0)
{'mytoken': '73n2ckz4hwjbt30e9jpe6d49m066u9g0'}
[pid: 16|app: 0|req: 2/2] 172.20.0.1 () {50 vars in 1007 bytes} [Wed Jan 18 09:38:43 2023] POST /uploadapi/get_verification_pic/ => generated 1204 bytes in 11 msecs (HTTP/1.1 200) 7 headers in 273 bytes (1 switches on core 1)
{'mytoken': '73n2ckz4hwjbt30e9jpe6d49m066u9g0', 'mode': '0', 'data': '["admin","ywzywz",null,null,"rvjh"]'}
rvjh
RvjH
[pid: 16|app: 0|req: 3/3] 172.20.0.1 () {50 vars in 1020 bytes} [Wed Jan 18 09:38:48 2023] POST /uploadapi/auth/ => generated 16 bytes in 6 msecs (HTTP/1.1 200) 7 headers in 263 bytes (1 switches on core 0)
{'kind': '000', 'username': 'admin'}
[pid: 16|app: 0|req: 4/4] 172.20.0.1 () {50 vars in 966 bytes} [Wed Jan 18 10:25:37 2023] POST /uploadapi/auth/ => generated 84 bytes in 6 msecs (HTTP/1.1 200) 8 headers in 340 bytes (1 switches on core 1)
{'mode': '3'}
[pid: 16|app: 0|req: 5/5] 172.20.0.1 () {48 vars in 950 bytes} [Wed Jan 18 10:25:46 2023] POST /uploadapi/auth/ => generated 61 bytes in 1 msecs (HTTP/1.1 200) 8 headers in 408 bytes (1 switches on core 0)
{'mytoken': 've60zsyemom4xcw2p4sg95qkngez46r8'}
[pid: 16|app: 0|req: 6/6] 172.20.0.1 () {50 vars in 998 bytes} [Wed Jan 18 10:25:46 2023] POST /uploadapi/get_verification_pic/ => generated 1012 bytes in 8 msecs (HTTP/1.1 200) 7 headers in 273 bytes (1 switches on core 1)
{'mytoken': 've60zsyemom4xcw2p4sg95qkngez46r8', 'mode': '0', 'data': '["admin","ywzywz",null,null,"tejn"]'}
tejn
tEjn
[pid: 16|app: 0|req: 7/7] 172.20.0.1 () {50 vars in 1011 bytes} [Wed Jan 18 10:25:51 2023] POST /uploadapi/auth/ => generated 16 bytes in 5 msecs (HTTP/1.1 200) 7 headers in 263 bytes (1 switches on core 0)
*** Starting uWSGI 2.0.18 (64bit) on [Wed Jan 18 02:32:45 2023] ***
compiled with version: 10.2.1 20210110 on 18 January 2023 00:56:14
os: Linux-5.10.16.3-microsoft-standard-WSL2 #1 SMP Fri Apr 2 22:23:49 UTC 2021
nodename: 9107be870e76
machine: x86_64
clock source: unix
pcre jit disabled
detected number of CPU cores: 12
current working directory: /src
writing pidfile to uwsgi.pid
detected binary path: /usr/local/bin/uwsgi
*** WARNING: you are running uWSGI as root !!! (use the --uid flag) *** 
chdir() to /src/django1/
your memory page size is 4096 bytes
detected max file descriptor number: 1048576
lock engine: pthread robust mutexes
thunder lock: disabled (you can enable it with --thunder-lock)
uwsgi socket 0 bound to TCP address 0.0.0.0:8000 fd 3
*** WARNING: you are running uWSGI as root !!! (use the --uid flag) *** 
Python version: 3.7.16 (default, Jan 11 2023, 16:50:43)  [GCC 10.2.1 20210110]
Python main interpreter initialized at 0x5586d862a0e0
*** WARNING: you are running uWSGI as root !!! (use the --uid flag) *** 
python threads support enabled
your server socket listen backlog is limited to 100 connections
your mercy for graceful operations on workers is 60 seconds
mapped 416880 bytes (407 KB) for 8 cores
*** Operational MODE: preforking+threaded ***
WSGI app 0 (mountpoint='') ready in 1 seconds on interpreter 0x5586d862a0e0 pid: 9 (default app)
*** WARNING: you are running uWSGI as root !!! (use the --uid flag) *** 
*** uWSGI is running in multiple interpreter mode ***
spawned uWSGI master process (pid: 9)
spawned uWSGI worker 1 (pid: 10, cores: 2)
spawned uWSGI worker 2 (pid: 12, cores: 2)
spawned uWSGI worker 3 (pid: 14, cores: 2)
spawned uWSGI worker 4 (pid: 16, cores: 2)
{'mode': '3'}
[pid: 16|app: 0|req: 1/1] 172.20.0.1 () {48 vars in 947 bytes} [Wed Jan 18 10:33:18 2023] POST /uploadapi/auth/ => generated 61 bytes in 89 msecs (HTTP/1.1 200) 8 headers in 404 bytes (1 switches on core 0)
{'mytoken': 's7nrpqhohg3u19uzjrnjkd172e7wi1xe'}
[pid: 16|app: 0|req: 2/2] 172.20.0.1 () {50 vars in 995 bytes} [Wed Jan 18 10:33:18 2023] POST /uploadapi/get_verification_pic/ => generated 1048 bytes in 23 msecs (HTTP/1.1 200) 7 headers in 269 bytes (1 switches on core 1)
{'mode': '3'}
[pid: 16|app: 0|req: 3/3] 172.20.0.1 () {48 vars in 934 bytes} [Wed Jan 18 10:33:28 2023] POST /uploadapi/auth/ => generated 61 bytes in 1 msecs (HTTP/1.1 200) 8 headers in 404 bytes (1 switches on core 0)
{'mytoken': '3aqbjspxm94w8s7jgzd2c3ti0qjq5nni'}
[pid: 16|app: 0|req: 4/4] 172.20.0.1 () {50 vars in 982 bytes} [Wed Jan 18 10:33:28 2023] POST /uploadapi/get_verification_pic/ => generated 1164 bytes in 6 msecs (HTTP/1.1 200) 7 headers in 269 bytes (1 switches on core 1)
{'mytoken': '3aqbjspxm94w8s7jgzd2c3ti0qjq5nni', 'mode': '0', 'data': '["admin","ywzywz",null,null,"Djtm"]'}
Djtm
DJtM
[pid: 16|app: 0|req: 5/5] 172.20.0.1 () {50 vars in 995 bytes} [Wed Jan 18 10:33:39 2023] POST /uploadapi/auth/ => generated 16 bytes in 8 msecs (HTTP/1.1 200) 7 headers in 259 bytes (1 switches on core 0)
{'kind': '000', 'username': 'admin'}
[pid: 16|app: 0|req: 6/6] 172.20.0.1 () {50 vars in 966 bytes} [Wed Jan 18 11:04:25 2023] POST /uploadapi/auth/ => generated 84 bytes in 6 msecs (HTTP/1.1 200) 8 headers in 340 bytes (1 switches on core 1)
{'mode': '3'}
[pid: 16|app: 0|req: 7/7] 172.20.0.1 () {48 vars in 950 bytes} [Wed Jan 18 11:04:32 2023] POST /uploadapi/auth/ => generated 61 bytes in 1 msecs (HTTP/1.1 200) 8 headers in 408 bytes (1 switches on core 0)
{'mytoken': 'movu08wfwoobx32kagtdq3espyws1s3z'}
[pid: 16|app: 0|req: 8/8] 172.20.0.1 () {50 vars in 998 bytes} [Wed Jan 18 11:04:32 2023] POST /uploadapi/get_verification_pic/ => generated 1112 bytes in 8 msecs (HTTP/1.1 200) 7 headers in 273 bytes (1 switches on core 1)
*** Starting uWSGI 2.0.18 (64bit) on [Wed Jan 18 03:09:44 2023] ***
compiled with version: 10.2.1 20210110 on 18 January 2023 00:56:14
os: Linux-5.10.16.3-microsoft-standard-WSL2 #1 SMP Fri Apr 2 22:23:49 UTC 2021
nodename: 9107be870e76
machine: x86_64
clock source: unix
pcre jit disabled
detected number of CPU cores: 12
current working directory: /src
writing pidfile to uwsgi.pid
detected binary path: /usr/local/bin/uwsgi
*** WARNING: you are running uWSGI as root !!! (use the --uid flag) *** 
chdir() to /src/django1/
your memory page size is 4096 bytes
detected max file descriptor number: 1048576
lock engine: pthread robust mutexes
thunder lock: disabled (you can enable it with --thunder-lock)
uwsgi socket 0 bound to TCP address 0.0.0.0:8000 fd 3
*** WARNING: you are running uWSGI as root !!! (use the --uid flag) *** 
Python version: 3.7.16 (default, Jan 11 2023, 16:50:43)  [GCC 10.2.1 20210110]
Python main interpreter initialized at 0x55ed911570e0
*** WARNING: you are running uWSGI as root !!! (use the --uid flag) *** 
python threads support enabled
your server socket listen backlog is limited to 100 connections
your mercy for graceful operations on workers is 60 seconds
mapped 416880 bytes (407 KB) for 8 cores
*** Operational MODE: preforking+threaded ***
WSGI app 0 (mountpoint='') ready in 1 seconds on interpreter 0x55ed911570e0 pid: 9 (default app)
*** WARNING: you are running uWSGI as root !!! (use the --uid flag) *** 
*** uWSGI is running in multiple interpreter mode ***
spawned uWSGI master process (pid: 9)
spawned uWSGI worker 1 (pid: 10, cores: 2)
spawned uWSGI worker 2 (pid: 12, cores: 2)
spawned uWSGI worker 3 (pid: 14, cores: 2)
spawned uWSGI worker 4 (pid: 16, cores: 2)
*** Starting uWSGI 2.0.18 (64bit) on [Wed Jan 18 03:14:08 2023] ***
compiled with version: 10.2.1 20210110 on 18 January 2023 00:56:14
os: Linux-5.10.16.3-microsoft-standard-WSL2 #1 SMP Fri Apr 2 22:23:49 UTC 2021
nodename: 9107be870e76
machine: x86_64
clock source: unix
pcre jit disabled
detected number of CPU cores: 12
current working directory: /src
writing pidfile to uwsgi.pid
detected binary path: /usr/local/bin/uwsgi
*** WARNING: you are running uWSGI as root !!! (use the --uid flag) *** 
chdir() to /src/django1/
your memory page size is 4096 bytes
detected max file descriptor number: 1048576
lock engine: pthread robust mutexes
thunder lock: disabled (you can enable it with --thunder-lock)
uwsgi socket 0 bound to TCP address 0.0.0.0:8000 fd 3
*** WARNING: you are running uWSGI as root !!! (use the --uid flag) *** 
Python version: 3.7.16 (default, Jan 11 2023, 16:50:43)  [GCC 10.2.1 20210110]
Python main interpreter initialized at 0x56489132b0e0
*** WARNING: you are running uWSGI as root !!! (use the --uid flag) *** 
python threads support enabled
your server socket listen backlog is limited to 100 connections
your mercy for graceful operations on workers is 60 seconds
mapped 416880 bytes (407 KB) for 8 cores
*** Operational MODE: preforking+threaded ***
WSGI app 0 (mountpoint='') ready in 0 seconds on interpreter 0x56489132b0e0 pid: 10 (default app)
*** WARNING: you are running uWSGI as root !!! (use the --uid flag) *** 
*** uWSGI is running in multiple interpreter mode ***
spawned uWSGI master process (pid: 10)
spawned uWSGI worker 1 (pid: 11, cores: 2)
spawned uWSGI worker 2 (pid: 13, cores: 2)
spawned uWSGI worker 3 (pid: 15, cores: 2)
spawned uWSGI worker 4 (pid: 17, cores: 2)
*** Starting uWSGI 2.0.18 (64bit) on [Wed Jan 18 03:21:27 2023] ***
compiled with version: 10.2.1 20210110 on 18 January 2023 00:56:14
os: Linux-5.10.16.3-microsoft-standard-WSL2 #1 SMP Fri Apr 2 22:23:49 UTC 2021
nodename: 9107be870e76
machine: x86_64
clock source: unix
pcre jit disabled
detected number of CPU cores: 12
current working directory: /src
writing pidfile to uwsgi.pid
detected binary path: /usr/local/bin/uwsgi
*** WARNING: you are running uWSGI as root !!! (use the --uid flag) *** 
chdir() to /src/django1/
your memory page size is 4096 bytes
detected max file descriptor number: 1048576
lock engine: pthread robust mutexes
thunder lock: disabled (you can enable it with --thunder-lock)
uwsgi socket 0 bound to TCP address 0.0.0.0:8000 fd 3
*** WARNING: you are running uWSGI as root !!! (use the --uid flag) *** 
Python version: 3.7.16 (default, Jan 11 2023, 16:50:43)  [GCC 10.2.1 20210110]
Python main interpreter initialized at 0x5652750f20e0
*** WARNING: you are running uWSGI as root !!! (use the --uid flag) *** 
python threads support enabled
your server socket listen backlog is limited to 100 connections
your mercy for graceful operations on workers is 60 seconds
mapped 416880 bytes (407 KB) for 8 cores
*** Operational MODE: preforking+threaded ***
WSGI app 0 (mountpoint='') ready in 0 seconds on interpreter 0x5652750f20e0 pid: 9 (default app)
*** WARNING: you are running uWSGI as root !!! (use the --uid flag) *** 
*** uWSGI is running in multiple interpreter mode ***
spawned uWSGI master process (pid: 9)
spawned uWSGI worker 1 (pid: 10, cores: 2)
spawned uWSGI worker 2 (pid: 12, cores: 2)
spawned uWSGI worker 3 (pid: 14, cores: 2)
spawned uWSGI worker 4 (pid: 16, cores: 2)
{'mode': '3'}
[pid: 16|app: 0|req: 1/1] 172.20.0.1 () {48 vars in 944 bytes} [Wed Jan 18 11:23:11 2023] POST /uploadapi/auth/ => generated 61 bytes in 53 msecs (HTTP/1.1 200) 8 headers in 406 bytes (1 switches on core 0)
{'mytoken': 'tplod3rbq7hoiw8uxsx4szy65kurf6ku'}
[pid: 16|app: 0|req: 2/2] 172.20.0.1 () {50 vars in 992 bytes} [Wed Jan 18 11:23:11 2023] POST /uploadapi/get_verification_pic/ => generated 1024 bytes in 11 msecs (HTTP/1.1 200) 7 headers in 271 bytes (1 switches on core 1)
{'mode': '3'}
[pid: 16|app: 0|req: 3/3] 172.20.0.1 () {48 vars in 938 bytes} [Wed Jan 18 11:23:26 2023] POST /uploadapi/auth/ => generated 61 bytes in 1 msecs (HTTP/1.1 200) 8 headers in 404 bytes (1 switches on core 0)
{'mytoken': 'nasumyjli18z34vtovh3cxs6ecrjvt0i'}
[pid: 16|app: 0|req: 4/4] 172.20.0.1 () {50 vars in 986 bytes} [Wed Jan 18 11:23:26 2023] POST /uploadapi/get_verification_pic/ => generated 1092 bytes in 7 msecs (HTTP/1.1 200) 7 headers in 269 bytes (1 switches on core 1)
{'mytoken': 'nasumyjli18z34vtovh3cxs6ecrjvt0i', 'mode': '0', 'data': '["admin","ywzywz",null,null,"afwx"]'}
afwx
Afwx
[pid: 16|app: 0|req: 5/5] 172.20.0.1 () {50 vars in 999 bytes} [Wed Jan 18 11:23:30 2023] POST /uploadapi/auth/ => generated 16 bytes in 6 msecs (HTTP/1.1 200) 7 headers in 259 bytes (1 switches on core 0)
{'mode': '3'}
[pid: 16|app: 0|req: 6/6] 172.20.0.1 () {48 vars in 913 bytes} [Wed Jan 18 12:38:19 2023] POST /uploadapi/auth/ => generated 61 bytes in 1 msecs (HTTP/1.1 200) 8 headers in 408 bytes (1 switches on core 1)
{'mytoken': 'qyxyb12aea9vplv5vk0zfgdt0na6rusm'}
[pid: 16|app: 0|req: 7/7] 172.20.0.1 () {50 vars in 961 bytes} [Wed Jan 18 12:38:19 2023] POST /uploadapi/get_verification_pic/ => generated 1064 bytes in 6 msecs (HTTP/1.1 200) 7 headers in 273 bytes (1 switches on core 0)
{'mode': '3'}
[pid: 16|app: 0|req: 8/8] 172.20.0.1 () {50 vars in 970 bytes} [Wed Jan 18 12:38:21 2023] POST /uploadapi/auth/ => generated 61 bytes in 0 msecs (HTTP/1.1 200) 7 headers in 263 bytes (1 switches on core 1)
{'mytoken': 'qyxyb12aea9vplv5vk0zfgdt0na6rusm'}
[pid: 16|app: 0|req: 9/9] 172.20.0.1 () {50 vars in 961 bytes} [Wed Jan 18 12:38:21 2023] POST /uploadapi/get_verification_pic/ => generated 1092 bytes in 6 msecs (HTTP/1.1 200) 7 headers in 273 bytes (1 switches on core 0)
{'mytoken': 'qyxyb12aea9vplv5vk0zfgdt0na6rusm', 'mode': '0', 'data': '["admin","admin",null,null,"kwqe"]'}
kwqe
kwqe
[pid: 16|app: 0|req: 10/10] 172.20.0.1 () {50 vars in 974 bytes} [Wed Jan 18 12:39:45 2023] POST /uploadapi/auth/ => generated 102 bytes in 5 msecs (HTTP/1.1 200) 7 headers in 264 bytes (1 switches on core 1)
{'mytoken': 'qyxyb12aea9vplv5vk0zfgdt0na6rusm', 'mode': '0', 'data': '["admin","ywzywz",null,null,"kwqe"]'}
kwqe
kwqe
[pid: 16|app: 0|req: 11/11] 172.20.0.1 () {50 vars in 974 bytes} [Wed Jan 18 12:39:50 2023] POST /uploadapi/auth/ => generated 16 bytes in 5 msecs (HTTP/1.1 200) 7 headers in 263 bytes (1 switches on core 0)
Not Found: /copy_pass/
[pid: 16|app: 0|req: 12/12] 172.20.0.1 () {54 vars in 1029 bytes} [Wed Jan 18 20:44:26 2023] POST /uploadapi/copy_pass/ => generated 2429 bytes in 3 msecs (HTTP/1.1 404) 8 headers in 342 bytes (1 switches on core 1)
Not Found: /copy_pass/
[pid: 16|app: 0|req: 13/13] 172.20.0.1 () {52 vars in 972 bytes} [Wed Jan 18 20:44:33 2023] POST /uploadapi/copy_pass/ => generated 2429 bytes in 2 msecs (HTTP/1.1 404) 7 headers in 265 bytes (1 switches on core 0)
Not Found: /copy_pass/
[pid: 16|app: 0|req: 14/14] 172.20.0.1 () {52 vars in 972 bytes} [Wed Jan 18 20:47:05 2023] POST /uploadapi/copy_pass/ => generated 2429 bytes in 1 msecs (HTTP/1.1 404) 7 headers in 265 bytes (1 switches on core 1)
Not Found: /copy_pass/
[pid: 16|app: 0|req: 15/15] 172.20.0.1 () {52 vars in 972 bytes} [Wed Jan 18 20:47:15 2023] POST /uploadapi/copy_pass/ => generated 2429 bytes in 2 msecs (HTTP/1.1 404) 7 headers in 265 bytes (1 switches on core 0)
Not Found: /copy_pass/
[pid: 16|app: 0|req: 16/16] 172.20.0.1 () {52 vars in 972 bytes} [Wed Jan 18 20:47:17 2023] POST /uploadapi/copy_pass/ => generated 2429 bytes in 1 msecs (HTTP/1.1 404) 7 headers in 265 bytes (1 switches on core 1)
Not Found: /copy_pass/
[pid: 16|app: 0|req: 17/17] 172.20.0.1 () {52 vars in 972 bytes} [Wed Jan 18 20:47:55 2023] POST /uploadapi/copy_pass/ => generated 2429 bytes in 3 msecs (HTTP/1.1 404) 7 headers in 265 bytes (1 switches on core 0)
Not Found: /copy_pass/
[pid: 16|app: 0|req: 18/18] 172.20.0.1 () {52 vars in 972 bytes} [Wed Jan 18 20:47:57 2023] POST /uploadapi/copy_pass/ => generated 2429 bytes in 2 msecs (HTTP/1.1 404) 7 headers in 265 bytes (1 switches on core 1)
Not Found: /copy_pass/
[pid: 16|app: 0|req: 19/19] 172.20.0.1 () {52 vars in 972 bytes} [Wed Jan 18 20:47:57 2023] POST /uploadapi/copy_pass/ => generated 2429 bytes in 2 msecs (HTTP/1.1 404) 7 headers in 265 bytes (1 switches on core 0)
Not Found: /copy_pass/
[pid: 16|app: 0|req: 20/20] 172.20.0.1 () {52 vars in 972 bytes} [Wed Jan 18 20:48:01 2023] POST /uploadapi/copy_pass/ => generated 2429 bytes in 1 msecs (HTTP/1.1 404) 7 headers in 265 bytes (1 switches on core 1)
*** Starting uWSGI 2.0.18 (64bit) on [Wed Jan 18 12:48:23 2023] ***
compiled with version: 10.2.1 20210110 on 18 January 2023 00:56:14
os: Linux-5.10.16.3-microsoft-standard-WSL2 #1 SMP Fri Apr 2 22:23:49 UTC 2021
nodename: 9107be870e76
machine: x86_64
clock source: unix
pcre jit disabled
detected number of CPU cores: 12
current working directory: /src
writing pidfile to uwsgi.pid
detected binary path: /usr/local/bin/uwsgi
*** WARNING: you are running uWSGI as root !!! (use the --uid flag) *** 
chdir() to /src/django1/
your memory page size is 4096 bytes
detected max file descriptor number: 1048576
lock engine: pthread robust mutexes
thunder lock: disabled (you can enable it with --thunder-lock)
uwsgi socket 0 bound to TCP address 0.0.0.0:8000 fd 3
*** WARNING: you are running uWSGI as root !!! (use the --uid flag) *** 
Python version: 3.7.16 (default, Jan 11 2023, 16:50:43)  [GCC 10.2.1 20210110]
Python main interpreter initialized at 0x5602a29600e0
*** WARNING: you are running uWSGI as root !!! (use the --uid flag) *** 
python threads support enabled
your server socket listen backlog is limited to 100 connections
your mercy for graceful operations on workers is 60 seconds
mapped 416880 bytes (407 KB) for 8 cores
*** Operational MODE: preforking+threaded ***
WSGI app 0 (mountpoint='') ready in 0 seconds on interpreter 0x5602a29600e0 pid: 9 (default app)
*** WARNING: you are running uWSGI as root !!! (use the --uid flag) *** 
*** uWSGI is running in multiple interpreter mode ***
spawned uWSGI master process (pid: 9)
spawned uWSGI worker 1 (pid: 10, cores: 2)
spawned uWSGI worker 2 (pid: 12, cores: 2)
spawned uWSGI worker 3 (pid: 14, cores: 2)
spawned uWSGI worker 4 (pid: 16, cores: 2)
Internal Server Error: /copy_pass/
Traceback (most recent call last):
  File "/usr/local/lib/python3.7/site-packages/django/utils/datastructures.py", line 78, in __getitem__
    list_ = super().__getitem__(key)
KeyError: 'action'

During handling of the above exception, another exception occurred:

Traceback (most recent call last):
  File "/usr/local/lib/python3.7/site-packages/django/core/handlers/exception.py", line 34, in inner
    response = get_response(request)
  File "/usr/local/lib/python3.7/site-packages/django/core/handlers/base.py", line 115, in _get_response
    response = self.process_exception_by_middleware(e, request)
  File "/usr/local/lib/python3.7/site-packages/django/core/handlers/base.py", line 113, in _get_response
    response = wrapped_callback(request, *callback_args, **callback_kwargs)
  File "./app1/views.py", line 443, in copy_pass
    action = str(request.GET['action'])
  File "/usr/local/lib/python3.7/site-packages/django/utils/datastructures.py", line 80, in __getitem__
    raise MultiValueDictKeyError(key)
django.utils.datastructures.MultiValueDictKeyError: 'action'
[pid: 16|app: 0|req: 1/1] 172.20.0.1 () {52 vars in 972 bytes} [Wed Jan 18 20:48:29 2023] POST /uploadapi/copy_pass/ => generated 12666 bytes in 106 msecs (HTTP/1.1 500) 7 headers in 294 bytes (1 switches on core 0)
Internal Server Error: /copy_pass/
Traceback (most recent call last):
  File "/usr/local/lib/python3.7/site-packages/django/utils/datastructures.py", line 78, in __getitem__
    list_ = super().__getitem__(key)
KeyError: 'action'

During handling of the above exception, another exception occurred:

Traceback (most recent call last):
  File "/usr/local/lib/python3.7/site-packages/django/core/handlers/exception.py", line 34, in inner
    response = get_response(request)
  File "/usr/local/lib/python3.7/site-packages/django/core/handlers/base.py", line 115, in _get_response
    response = self.process_exception_by_middleware(e, request)
  File "/usr/local/lib/python3.7/site-packages/django/core/handlers/base.py", line 113, in _get_response
    response = wrapped_callback(request, *callback_args, **callback_kwargs)
  File "./app1/views.py", line 443, in copy_pass
    action = str(request.GET['action'])
  File "/usr/local/lib/python3.7/site-packages/django/utils/datastructures.py", line 80, in __getitem__
    raise MultiValueDictKeyError(key)
django.utils.datastructures.MultiValueDictKeyError: 'action'
[pid: 14|app: 0|req: 1/2] 172.20.0.1 () {52 vars in 972 bytes} [Wed Jan 18 20:48:30 2023] POST /uploadapi/copy_pass/ => generated 12666 bytes in 91 msecs (HTTP/1.1 500) 7 headers in 294 bytes (1 switches on core 0)
Internal Server Error: /copy_pass/
Traceback (most recent call last):
  File "/usr/local/lib/python3.7/site-packages/django/utils/datastructures.py", line 78, in __getitem__
    list_ = super().__getitem__(key)
KeyError: 'action'

During handling of the above exception, another exception occurred:

Traceback (most recent call last):
  File "/usr/local/lib/python3.7/site-packages/django/core/handlers/exception.py", line 34, in inner
    response = get_response(request)
  File "/usr/local/lib/python3.7/site-packages/django/core/handlers/base.py", line 115, in _get_response
    response = self.process_exception_by_middleware(e, request)
  File "/usr/local/lib/python3.7/site-packages/django/core/handlers/base.py", line 113, in _get_response
    response = wrapped_callback(request, *callback_args, **callback_kwargs)
  File "./app1/views.py", line 443, in copy_pass
    action = str(request.GET['action'])
  File "/usr/local/lib/python3.7/site-packages/django/utils/datastructures.py", line 80, in __getitem__
    raise MultiValueDictKeyError(key)
django.utils.datastructures.MultiValueDictKeyError: 'action'
[pid: 16|app: 0|req: 2/3] 172.20.0.1 () {52 vars in 972 bytes} [Wed Jan 18 20:48:32 2023] POST /uploadapi/copy_pass/ => generated 12690 bytes in 7 msecs (HTTP/1.1 500) 7 headers in 294 bytes (1 switches on core 1)
*** Starting uWSGI 2.0.18 (64bit) on [Wed Jan 18 12:52:20 2023] ***
compiled with version: 10.2.1 20210110 on 18 January 2023 00:56:14
os: Linux-5.10.16.3-microsoft-standard-WSL2 #1 SMP Fri Apr 2 22:23:49 UTC 2021
nodename: 9107be870e76
machine: x86_64
clock source: unix
pcre jit disabled
detected number of CPU cores: 12
current working directory: /src
writing pidfile to uwsgi.pid
detected binary path: /usr/local/bin/uwsgi
*** WARNING: you are running uWSGI as root !!! (use the --uid flag) *** 
chdir() to /src/django1/
your memory page size is 4096 bytes
detected max file descriptor number: 1048576
lock engine: pthread robust mutexes
thunder lock: disabled (you can enable it with --thunder-lock)
uwsgi socket 0 bound to TCP address 0.0.0.0:8000 fd 3
*** WARNING: you are running uWSGI as root !!! (use the --uid flag) *** 
Python version: 3.7.16 (default, Jan 11 2023, 16:50:43)  [GCC 10.2.1 20210110]
Python main interpreter initialized at 0x557cdc57b0e0
*** WARNING: you are running uWSGI as root !!! (use the --uid flag) *** 
python threads support enabled
your server socket listen backlog is limited to 100 connections
your mercy for graceful operations on workers is 60 seconds
mapped 416880 bytes (407 KB) for 8 cores
*** Operational MODE: preforking+threaded ***
WSGI app 0 (mountpoint='') ready in 0 seconds on interpreter 0x557cdc57b0e0 pid: 9 (default app)
*** WARNING: you are running uWSGI as root !!! (use the --uid flag) *** 
*** uWSGI is running in multiple interpreter mode ***
spawned uWSGI master process (pid: 9)
spawned uWSGI worker 1 (pid: 10, cores: 2)
spawned uWSGI worker 2 (pid: 11, cores: 2)
spawned uWSGI worker 3 (pid: 14, cores: 2)
spawned uWSGI worker 4 (pid: 16, cores: 2)
[pid: 16|app: 0|req: 1/1] 172.20.0.1 () {52 vars in 972 bytes} [Wed Jan 18 20:52:26 2023] POST /uploadapi/copy_pass/ => generated 10 bytes in 72 msecs (HTTP/1.1 200) 7 headers in 271 bytes (1 switches on core 0)
[pid: 16|app: 0|req: 2/2] 172.20.0.1 () {52 vars in 972 bytes} [Wed Jan 18 20:52:44 2023] POST /uploadapi/copy_pass/ => generated 10 bytes in 15 msecs (HTTP/1.1 200) 7 headers in 271 bytes (1 switches on core 1)
Internal Server Error: /copy_pass/
Traceback (most recent call last):
  File "/usr/local/lib/python3.7/site-packages/django/core/handlers/exception.py", line 34, in inner
    response = get_response(request)
  File "/usr/local/lib/python3.7/site-packages/django/utils/deprecation.py", line 96, in __call__
    response = self.process_response(request, response)
  File "/usr/local/lib/python3.7/site-packages/django/middleware/common.py", line 105, in process_response
    if response.status_code == 404:
AttributeError: 'dict' object has no attribute 'status_code'
[pid: 16|app: 0|req: 3/3] 172.20.0.1 () {52 vars in 972 bytes} [Wed Jan 18 20:52:47 2023] POST /uploadapi/copy_pass/ => generated 12204 bytes in 19 msecs (HTTP/1.1 500) 5 headers in 242 bytes (1 switches on core 0)
[pid: 16|app: 0|req: 4/4] 172.20.0.1 () {52 vars in 972 bytes} [Wed Jan 18 20:52:48 2023] POST /uploadapi/copy_pass/ => generated 10 bytes in 13 msecs (HTTP/1.1 200) 7 headers in 271 bytes (1 switches on core 1)
*** Starting uWSGI 2.0.18 (64bit) on [Wed Jan 18 12:53:08 2023] ***
compiled with version: 10.2.1 20210110 on 18 January 2023 00:56:14
os: Linux-5.10.16.3-microsoft-standard-WSL2 #1 SMP Fri Apr 2 22:23:49 UTC 2021
nodename: 9107be870e76
machine: x86_64
clock source: unix
pcre jit disabled
detected number of CPU cores: 12
current working directory: /src
writing pidfile to uwsgi.pid
detected binary path: /usr/local/bin/uwsgi
*** WARNING: you are running uWSGI as root !!! (use the --uid flag) *** 
chdir() to /src/django1/
your memory page size is 4096 bytes
detected max file descriptor number: 1048576
lock engine: pthread robust mutexes
thunder lock: disabled (you can enable it with --thunder-lock)
uwsgi socket 0 bound to TCP address 0.0.0.0:8000 fd 3
*** WARNING: you are running uWSGI as root !!! (use the --uid flag) *** 
Python version: 3.7.16 (default, Jan 11 2023, 16:50:43)  [GCC 10.2.1 20210110]
Python main interpreter initialized at 0x55cb2f39c0e0
*** WARNING: you are running uWSGI as root !!! (use the --uid flag) *** 
python threads support enabled
your server socket listen backlog is limited to 100 connections
your mercy for graceful operations on workers is 60 seconds
mapped 416880 bytes (407 KB) for 8 cores
*** Operational MODE: preforking+threaded ***
WSGI app 0 (mountpoint='') ready in 0 seconds on interpreter 0x55cb2f39c0e0 pid: 9 (default app)
*** WARNING: you are running uWSGI as root !!! (use the --uid flag) *** 
*** uWSGI is running in multiple interpreter mode ***
spawned uWSGI master process (pid: 9)
spawned uWSGI worker 1 (pid: 10, cores: 2)
spawned uWSGI worker 2 (pid: 11, cores: 2)
spawned uWSGI worker 3 (pid: 14, cores: 2)
spawned uWSGI worker 4 (pid: 16, cores: 2)
[pid: 16|app: 0|req: 1/1] 172.20.0.1 () {52 vars in 972 bytes} [Wed Jan 18 20:55:33 2023] POST /uploadapi/copy_pass/ => generated 2 bytes in 75 msecs (HTTP/1.1 200) 7 headers in 270 bytes (1 switches on core 0)
Internal Server Error: /copy_pass/
Traceback (most recent call last):
  File "/usr/local/lib/python3.7/site-packages/django/core/handlers/exception.py", line 34, in inner
    response = get_response(request)
  File "/usr/local/lib/python3.7/site-packages/django/utils/deprecation.py", line 96, in __call__
    response = self.process_response(request, response)
  File "/usr/local/lib/python3.7/site-packages/django/middleware/common.py", line 105, in process_response
    if response.status_code == 404:
AttributeError: 'dict' object has no attribute 'status_code'
[pid: 16|app: 0|req: 2/2] 172.20.0.1 () {52 vars in 972 bytes} [Wed Jan 18 20:55:35 2023] POST /uploadapi/copy_pass/ => generated 12204 bytes in 21 msecs (HTTP/1.1 500) 5 headers in 242 bytes (1 switches on core 1)
[pid: 16|app: 0|req: 3/3] 172.20.0.1 () {52 vars in 972 bytes} [Wed Jan 18 20:55:37 2023] POST /uploadapi/copy_pass/ => generated 2 bytes in 5 msecs (HTTP/1.1 200) 7 headers in 270 bytes (1 switches on core 0)
*** Starting uWSGI 2.0.18 (64bit) on [Wed Jan 18 12:56:46 2023] ***
compiled with version: 10.2.1 20210110 on 18 January 2023 00:56:14
os: Linux-5.10.16.3-microsoft-standard-WSL2 #1 SMP Fri Apr 2 22:23:49 UTC 2021
nodename: 9107be870e76
machine: x86_64
clock source: unix
pcre jit disabled
detected number of CPU cores: 12
current working directory: /src
writing pidfile to uwsgi.pid
detected binary path: /usr/local/bin/uwsgi
*** WARNING: you are running uWSGI as root !!! (use the --uid flag) *** 
chdir() to /src/django1/
your memory page size is 4096 bytes
detected max file descriptor number: 1048576
lock engine: pthread robust mutexes
thunder lock: disabled (you can enable it with --thunder-lock)
uwsgi socket 0 bound to TCP address 0.0.0.0:8000 fd 3
*** WARNING: you are running uWSGI as root !!! (use the --uid flag) *** 
Python version: 3.7.16 (default, Jan 11 2023, 16:50:43)  [GCC 10.2.1 20210110]
Python main interpreter initialized at 0x55f39bbfb0e0
*** WARNING: you are running uWSGI as root !!! (use the --uid flag) *** 
python threads support enabled
your server socket listen backlog is limited to 100 connections
your mercy for graceful operations on workers is 60 seconds
mapped 416880 bytes (407 KB) for 8 cores
*** Operational MODE: preforking+threaded ***
WSGI app 0 (mountpoint='') ready in 0 seconds on interpreter 0x55f39bbfb0e0 pid: 10 (default app)
*** WARNING: you are running uWSGI as root !!! (use the --uid flag) *** 
*** uWSGI is running in multiple interpreter mode ***
spawned uWSGI master process (pid: 10)
spawned uWSGI worker 1 (pid: 11, cores: 2)
spawned uWSGI worker 2 (pid: 12, cores: 2)
spawned uWSGI worker 3 (pid: 15, cores: 2)
spawned uWSGI worker 4 (pid: 17, cores: 2)
Internal Server Error: /copy_pass/
Traceback (most recent call last):
  File "/usr/local/lib/python3.7/site-packages/django/core/handlers/exception.py", line 34, in inner
    response = get_response(request)
  File "/usr/local/lib/python3.7/site-packages/django/utils/deprecation.py", line 96, in __call__
    response = self.process_response(request, response)
  File "/usr/local/lib/python3.7/site-packages/django/middleware/common.py", line 105, in process_response
    if response.status_code == 404:
AttributeError: 'dict' object has no attribute 'status_code'
[pid: 17|app: 0|req: 1/1] 172.20.0.1 () {52 vars in 972 bytes} [Wed Jan 18 20:56:48 2023] POST /uploadapi/copy_pass/ => generated 12228 bytes in 77 msecs (HTTP/1.1 500) 5 headers in 242 bytes (1 switches on core 0)
Internal Server Error: /copy_pass/
Traceback (most recent call last):
  File "/usr/local/lib/python3.7/site-packages/django/core/handlers/exception.py", line 34, in inner
    response = get_response(request)
  File "/usr/local/lib/python3.7/site-packages/django/utils/deprecation.py", line 96, in __call__
    response = self.process_response(request, response)
  File "/usr/local/lib/python3.7/site-packages/django/middleware/common.py", line 105, in process_response
    if response.status_code == 404:
AttributeError: 'dict' object has no attribute 'status_code'
[pid: 17|app: 0|req: 2/2] 172.20.0.1 () {52 vars in 972 bytes} [Wed Jan 18 20:56:49 2023] POST /uploadapi/copy_pass/ => generated 12228 bytes in 9 msecs (HTTP/1.1 500) 5 headers in 242 bytes (1 switches on core 1)
Internal Server Error: /copy_pass/
Traceback (most recent call last):
  File "/usr/local/lib/python3.7/site-packages/django/core/handlers/exception.py", line 34, in inner
    response = get_response(request)
  File "/usr/local/lib/python3.7/site-packages/django/utils/deprecation.py", line 96, in __call__
    response = self.process_response(request, response)
  File "/usr/local/lib/python3.7/site-packages/django/middleware/common.py", line 105, in process_response
    if response.status_code == 404:
AttributeError: 'dict' object has no attribute 'status_code'
[pid: 17|app: 0|req: 3/3] 172.20.0.1 () {52 vars in 972 bytes} [Wed Jan 18 20:56:50 2023] POST /uploadapi/copy_pass/ => generated 12228 bytes in 11 msecs (HTTP/1.1 500) 5 headers in 242 bytes (1 switches on core 0)
Internal Server Error: /copy_pass/
Traceback (most recent call last):
  File "/usr/local/lib/python3.7/site-packages/django/core/handlers/exception.py", line 34, in inner
    response = get_response(request)
  File "/usr/local/lib/python3.7/site-packages/django/utils/deprecation.py", line 96, in __call__
    response = self.process_response(request, response)
  File "/usr/local/lib/python3.7/site-packages/django/middleware/common.py", line 105, in process_response
    if response.status_code == 404:
AttributeError: 'dict' object has no attribute 'status_code'
[pid: 17|app: 0|req: 4/4] 172.20.0.1 () {52 vars in 972 bytes} [Wed Jan 18 20:56:51 2023] POST /uploadapi/copy_pass/ => generated 12228 bytes in 9 msecs (HTTP/1.1 500) 5 headers in 242 bytes (1 switches on core 1)
Internal Server Error: /copy_pass/
Traceback (most recent call last):
  File "/usr/local/lib/python3.7/site-packages/django/core/handlers/exception.py", line 34, in inner
    response = get_response(request)
  File "/usr/local/lib/python3.7/site-packages/django/utils/deprecation.py", line 96, in __call__
    response = self.process_response(request, response)
  File "/usr/local/lib/python3.7/site-packages/django/middleware/common.py", line 105, in process_response
    if response.status_code == 404:
AttributeError: 'dict' object has no attribute 'status_code'
[pid: 17|app: 0|req: 5/5] 172.20.0.1 () {52 vars in 972 bytes} [Wed Jan 18 20:56:51 2023] POST /uploadapi/copy_pass/ => generated 12204 bytes in 11 msecs (HTTP/1.1 500) 5 headers in 242 bytes (1 switches on core 0)
Internal Server Error: /copy_pass/
Traceback (most recent call last):
  File "/usr/local/lib/python3.7/site-packages/django/core/handlers/exception.py", line 34, in inner
    response = get_response(request)
  File "/usr/local/lib/python3.7/site-packages/django/utils/deprecation.py", line 96, in __call__
    response = self.process_response(request, response)
  File "/usr/local/lib/python3.7/site-packages/django/middleware/common.py", line 105, in process_response
    if response.status_code == 404:
AttributeError: 'dict' object has no attribute 'status_code'
[pid: 17|app: 0|req: 6/6] 172.20.0.1 () {52 vars in 972 bytes} [Wed Jan 18 20:56:53 2023] POST /uploadapi/copy_pass/ => generated 12228 bytes in 10 msecs (HTTP/1.1 500) 5 headers in 242 bytes (1 switches on core 1)
*** Starting uWSGI 2.0.18 (64bit) on [Wed Jan 18 12:57:36 2023] ***
compiled with version: 10.2.1 20210110 on 18 January 2023 00:56:14
os: Linux-5.10.16.3-microsoft-standard-WSL2 #1 SMP Fri Apr 2 22:23:49 UTC 2021
nodename: 9107be870e76
machine: x86_64
clock source: unix
pcre jit disabled
detected number of CPU cores: 12
current working directory: /src
writing pidfile to uwsgi.pid
detected binary path: /usr/local/bin/uwsgi
*** WARNING: you are running uWSGI as root !!! (use the --uid flag) *** 
chdir() to /src/django1/
your memory page size is 4096 bytes
detected max file descriptor number: 1048576
lock engine: pthread robust mutexes
thunder lock: disabled (you can enable it with --thunder-lock)
uwsgi socket 0 bound to TCP address 0.0.0.0:8000 fd 3
*** WARNING: you are running uWSGI as root !!! (use the --uid flag) *** 
Python version: 3.7.16 (default, Jan 11 2023, 16:50:43)  [GCC 10.2.1 20210110]
Python main interpreter initialized at 0x55868467f0e0
*** WARNING: you are running uWSGI as root !!! (use the --uid flag) *** 
python threads support enabled
your server socket listen backlog is limited to 100 connections
your mercy for graceful operations on workers is 60 seconds
mapped 416880 bytes (407 KB) for 8 cores
*** Operational MODE: preforking+threaded ***
WSGI app 0 (mountpoint='') ready in 1 seconds on interpreter 0x55868467f0e0 pid: 10 (default app)
*** WARNING: you are running uWSGI as root !!! (use the --uid flag) *** 
*** uWSGI is running in multiple interpreter mode ***
spawned uWSGI master process (pid: 10)
spawned uWSGI worker 1 (pid: 11, cores: 2)
spawned uWSGI worker 2 (pid: 13, cores: 2)
spawned uWSGI worker 3 (pid: 15, cores: 2)
spawned uWSGI worker 4 (pid: 17, cores: 2)
[pid: 17|app: 0|req: 1/1] 172.20.0.1 () {52 vars in 972 bytes} [Wed Jan 18 20:57:38 2023] POST /uploadapi/copy_pass/ => generated 36 bytes in 79 msecs (HTTP/1.1 200) 7 headers in 263 bytes (1 switches on core 0)
[pid: 17|app: 0|req: 2/2] 172.20.0.1 () {52 vars in 972 bytes} [Wed Jan 18 20:57:40 2023] POST /uploadapi/copy_pass/ => generated 16 bytes in 5 msecs (HTTP/1.1 200) 7 headers in 263 bytes (1 switches on core 1)
[pid: 17|app: 0|req: 3/3] 172.20.0.1 () {52 vars in 972 bytes} [Wed Jan 18 20:57:45 2023] POST /uploadapi/copy_pass/ => generated 16 bytes in 12 msecs (HTTP/1.1 200) 7 headers in 263 bytes (1 switches on core 0)
[pid: 17|app: 0|req: 4/4] 172.20.0.1 () {52 vars in 972 bytes} [Wed Jan 18 20:57:47 2023] POST /uploadapi/copy_pass/ => generated 16 bytes in 13 msecs (HTTP/1.1 200) 7 headers in 263 bytes (1 switches on core 1)
[pid: 17|app: 0|req: 5/5] 172.20.0.1 () {52 vars in 972 bytes} [Wed Jan 18 20:57:47 2023] POST /uploadapi/copy_pass/ => generated 16 bytes in 12 msecs (HTTP/1.1 200) 7 headers in 263 bytes (1 switches on core 0)
[pid: 17|app: 0|req: 6/6] 172.20.0.1 () {52 vars in 972 bytes} [Wed Jan 18 20:57:50 2023] POST /uploadapi/copy_pass/ => generated 16 bytes in 5 msecs (HTTP/1.1 200) 7 headers in 263 bytes (1 switches on core 1)
[pid: 17|app: 0|req: 7/7] 172.20.0.1 () {52 vars in 972 bytes} [Wed Jan 18 20:57:52 2023] POST /uploadapi/copy_pass/ => generated 16 bytes in 5 msecs (HTTP/1.1 200) 7 headers in 263 bytes (1 switches on core 0)
[pid: 17|app: 0|req: 8/8] 172.20.0.1 () {52 vars in 972 bytes} [Wed Jan 18 20:57:54 2023] POST /uploadapi/copy_pass/ => generated 72 bytes in 5 msecs (HTTP/1.1 200) 7 headers in 263 bytes (1 switches on core 1)
[pid: 17|app: 0|req: 9/9] 172.20.0.1 () {52 vars in 972 bytes} [Wed Jan 18 20:57:59 2023] POST /uploadapi/copy_pass/ => generated 72 bytes in 5 msecs (HTTP/1.1 200) 7 headers in 263 bytes (1 switches on core 0)
[pid: 17|app: 0|req: 10/10] 172.20.0.1 () {52 vars in 972 bytes} [Wed Jan 18 20:58:07 2023] POST /uploadapi/copy_pass/ => generated 16 bytes in 12 msecs (HTTP/1.1 200) 7 headers in 263 bytes (1 switches on core 1)
[pid: 15|app: 0|req: 1/11] 172.20.0.1 () {52 vars in 972 bytes} [Wed Jan 18 20:58:09 2023] POST /uploadapi/copy_pass/ => generated 72 bytes in 71 msecs (HTTP/1.1 200) 7 headers in 263 bytes (1 switches on core 1)
*** Starting uWSGI 2.0.18 (64bit) on [Wed Jan 18 12:58:51 2023] ***
compiled with version: 10.2.1 20210110 on 18 January 2023 00:56:14
os: Linux-5.10.16.3-microsoft-standard-WSL2 #1 SMP Fri Apr 2 22:23:49 UTC 2021
nodename: 9107be870e76
machine: x86_64
clock source: unix
pcre jit disabled
detected number of CPU cores: 12
current working directory: /src
writing pidfile to uwsgi.pid
detected binary path: /usr/local/bin/uwsgi
*** WARNING: you are running uWSGI as root !!! (use the --uid flag) *** 
chdir() to /src/django1/
your memory page size is 4096 bytes
detected max file descriptor number: 1048576
lock engine: pthread robust mutexes
thunder lock: disabled (you can enable it with --thunder-lock)
uwsgi socket 0 bound to TCP address 0.0.0.0:8000 fd 3
*** WARNING: you are running uWSGI as root !!! (use the --uid flag) *** 
Python version: 3.7.16 (default, Jan 11 2023, 16:50:43)  [GCC 10.2.1 20210110]
Python main interpreter initialized at 0x55c8087040e0
*** WARNING: you are running uWSGI as root !!! (use the --uid flag) *** 
python threads support enabled
your server socket listen backlog is limited to 100 connections
your mercy for graceful operations on workers is 60 seconds
mapped 416880 bytes (407 KB) for 8 cores
*** Operational MODE: preforking+threaded ***
WSGI app 0 (mountpoint='') ready in 0 seconds on interpreter 0x55c8087040e0 pid: 9 (default app)
*** WARNING: you are running uWSGI as root !!! (use the --uid flag) *** 
*** uWSGI is running in multiple interpreter mode ***
spawned uWSGI master process (pid: 9)
spawned uWSGI worker 1 (pid: 10, cores: 2)
spawned uWSGI worker 2 (pid: 11, cores: 2)
spawned uWSGI worker 3 (pid: 14, cores: 2)
spawned uWSGI worker 4 (pid: 16, cores: 2)
